[0.072s] Invoking command in '/home/michael/DomerRoverSoftware/build/Full': /usr/bin/cmake /home/michael/DomerRoverSoftware/Full Arm Test URDF -DCMAKE_INSTALL_PREFIX=/home/michael/DomerRoverSoftware/install/Full
[0.077s] [0mCMake Deprecation Warning at CMakeLists.txt:1 (cmake_minimum_required):
[0.077s]   Compatibility with CMake < 2.8.12 will be removed from a future version of
[0.077s]   CMake.
[0.077s] 
[0.077s]   Update the VERSION argument <min> value or use a ...<max> suffix to tell
[0.077s]   CMake that the project does not need compatibility with older versions.
[0.077s] 
[0.077s] [0m
[0.078s] [0mCMake Error: Could not find cmake module file: CMakeDetermineArmCompiler.cmake[0m
[0.078s] [0mCMake Error: Error required internal CMake variable not set, cmake may not be built correctly.
[0.078s] Missing variable is:
[0.078s] CMAKE_Arm_COMPILER_ENV_VAR[0m
[0.078s] [0mCMake Error: Error required internal CMake variable not set, cmake may not be built correctly.
[0.078s] Missing variable is:
[0.078s] CMAKE_Arm_COMPILER[0m
[0.078s] [0mCMake Error: Could not find cmake module file: /home/michael/DomerRoverSoftware/build/Full/CMakeFiles/3.22.1/CMakeArmCompiler.cmake[0m
[0.078s] [0mCMake Error: Could not find cmake module file: CMakeDetermineTestCompiler.cmake[0m
[0.078s] [0mCMake Error: Error required internal CMake variable not set, cmake may not be built correctly.
[0.078s] Missing variable is:
[0.078s] CMAKE_Test_COMPILER_ENV_VAR[0m
[0.079s] [0mCMake Error: Error required internal CMake variable not set, cmake may not be built correctly.
[0.079s] Missing variable is:
[0.079s] CMAKE_Test_COMPILER[0m
[0.079s] [0mCMake Error: Could not find cmake module file: /home/michael/DomerRoverSoftware/build/Full/CMakeFiles/3.22.1/CMakeTestCompiler.cmake[0m
[0.079s] [0mCMake Error: Could not find cmake module file: CMakeDetermineURDFCompiler.cmake[0m
[0.079s] [0mCMake Error: Error required internal CMake variable not set, cmake may not be built correctly.
[0.079s] Missing variable is:
[0.079s] CMAKE_URDF_COMPILER_ENV_VAR[0m
[0.079s] [0mCMake Error: Error required internal CMake variable not set, cmake may not be built correctly.
[0.079s] Missing variable is:
[0.079s] CMAKE_URDF_COMPILER[0m
[0.079s] [0mCMake Error: Could not find cmake module file: /home/michael/DomerRoverSoftware/build/Full/CMakeFiles/3.22.1/CMakeURDFCompiler.cmake[0m
[0.079s] [31mCMake Error at CMakeLists.txt:3 (project):
[0.079s]   No CMAKE_Arm_COMPILER could be found.
[0.079s] 
[0.079s]   Tell CMake where to find the compiler by setting the CMake cache entry
[0.079s]   CMAKE_Arm_COMPILER to the full path to the compiler, or to the compiler
[0.079s]   name if it is in the PATH.
[0.079s] 
[0.079s] [0m
[0.079s] [0mCMake Error: Could not find cmake module file: CMakeArmInformation.cmake[0m
[0.079s] [31mCMake Error at CMakeLists.txt:3 (project):
[0.080s]   No CMAKE_Test_COMPILER could be found.
[0.080s] 
[0.080s]   Tell CMake where to find the compiler by setting the CMake cache entry
[0.080s]   CMAKE_Test_COMPILER to the full path to the compiler, or to the compiler
[0.080s]   name if it is in the PATH.
[0.080s] 
[0.080s] [0m
[0.080s] [0mCMake Error: Could not find cmake module file: CMakeTestInformation.cmake[0m
[0.080s] [31mCMake Error at CMakeLists.txt:3 (project):
[0.080s]   No CMAKE_URDF_COMPILER could be found.
[0.080s] 
[0.080s]   Tell CMake where to find the compiler by setting the CMake cache entry
[0.080s]   CMAKE_URDF_COMPILER to the full path to the compiler, or to the compiler
[0.080s]   name if it is in the PATH.
[0.080s] 
[0.080s] [0m
[0.080s] [0mCMake Error: Could not find cmake module file: CMakeURDFInformation.cmake[0m
[0.080s] [0mCMake Error: CMAKE_Arm_COMPILER not set, after EnableLanguage[0m
[0.081s] [0mCMake Error: CMAKE_Test_COMPILER not set, after EnableLanguage[0m
[0.081s] [0mCMake Error: CMAKE_URDF_COMPILER not set, after EnableLanguage[0m
[0.081s] -- Configuring incomplete, errors occurred!
[0.081s] See also "/home/michael/DomerRoverSoftware/build/Full/CMakeFiles/CMakeOutput.log".
[0.081s] Invoked command in '/home/michael/DomerRoverSoftware/build/Full' returned '1': /usr/bin/cmake /home/michael/DomerRoverSoftware/Full Arm Test URDF -DCMAKE_INSTALL_PREFIX=/home/michael/DomerRoverSoftware/install/Full
