[1.040s] DEBUG:colcon:Command line arguments: ['/usr/bin/colcon', 'build']
[1.040s] DEBUG:colcon:Parsed command line arguments: Namespace(log_base=None, log_level=None, verb_name='build', build_base='build', install_base='install', merge_install=False, symlink_install=False, test_result_base=None, continue_on_error=False, executor='parallel', parallel_workers=14, event_handlers=None, ignore_user_meta=False, metas=['./colcon.meta'], base_paths=['.'], packages_ignore=None, packages_ignore_regex=None, paths=None, packages_up_to=None, packages_up_to_regex=None, packages_above=None, packages_above_and_dependencies=None, packages_above_depth=None, packages_select_by_dep=None, packages_skip_by_dep=None, packages_skip_up_to=None, packages_select_build_failed=False, packages_skip_build_finished=False, packages_select_test_failures=False, packages_skip_test_passed=False, packages_select=None, packages_skip=None, packages_select_regex=None, packages_skip_regex=None, packages_start=None, packages_end=None, allow_overriding=[], cmake_args=None, cmake_target=None, cmake_target_skip_unavailable=False, cmake_clean_cache=False, cmake_clean_first=False, cmake_force_configure=False, ament_cmake_args=None, catkin_cmake_args=None, catkin_skip_building_tests=False, verb_parser=<colcon_defaults.argument_parser.defaults.DefaultArgumentsDecorator object at 0x7f60ce441f00>, verb_extension=<colcon_core.verb.build.BuildVerb object at 0x7f60ce4402b0>, main=<bound method BuildVerb.main of <colcon_core.verb.build.BuildVerb object at 0x7f60ce4402b0>>)
[1.099s] Level 1:colcon.colcon_core.package_discovery:discover_packages(colcon_meta) check parameters
[1.099s] Level 1:colcon.colcon_core.package_discovery:discover_packages(recursive) check parameters
[1.099s] Level 1:colcon.colcon_core.package_discovery:discover_packages(ignore) check parameters
[1.099s] Level 1:colcon.colcon_core.package_discovery:discover_packages(path) check parameters
[1.099s] Level 1:colcon.colcon_core.package_discovery:discover_packages(colcon_meta) discover
[1.099s] Level 1:colcon.colcon_core.package_discovery:discover_packages(recursive) discover
[1.099s] INFO:colcon.colcon_core.package_discovery:Crawling recursively for packages in '/home/michael/DomerRoverSoftware'
[1.100s] Level 1:colcon.colcon_core.package_identification:_identify(.) by extensions ['ignore', 'ignore_ament_install']
[1.100s] Level 1:colcon.colcon_core.package_identification:_identify(.) by extension 'ignore'
[1.100s] Level 1:colcon.colcon_core.package_identification:_identify(.) by extension 'ignore_ament_install'
[1.100s] Level 1:colcon.colcon_core.package_identification:_identify(.) by extensions ['colcon_pkg']
[1.100s] Level 1:colcon.colcon_core.package_identification:_identify(.) by extension 'colcon_pkg'
[1.100s] Level 1:colcon.colcon_core.package_identification:_identify(.) by extensions ['colcon_meta']
[1.100s] Level 1:colcon.colcon_core.package_identification:_identify(.) by extension 'colcon_meta'
[1.100s] Level 1:colcon.colcon_core.package_identification:_identify(.) by extensions ['ros']
[1.100s] Level 1:colcon.colcon_core.package_identification:_identify(.) by extension 'ros'
[1.115s] Level 1:colcon.colcon_core.package_identification:_identify(.) by extensions ['cmake', 'python']
[1.115s] Level 1:colcon.colcon_core.package_identification:_identify(.) by extension 'cmake'
[1.115s] Level 1:colcon.colcon_core.package_identification:_identify(.) by extension 'python'
[1.115s] Level 1:colcon.colcon_core.package_identification:_identify(.) by extensions ['python_setup_py']
[1.116s] Level 1:colcon.colcon_core.package_identification:_identify(.) by extension 'python_setup_py'
[1.116s] Level 1:colcon.colcon_core.package_identification:_identify(DRIVE_CONTROLS) by extensions ['ignore', 'ignore_ament_install']
[1.116s] Level 1:colcon.colcon_core.package_identification:_identify(DRIVE_CONTROLS) by extension 'ignore'
[1.116s] Level 1:colcon.colcon_core.package_identification:_identify(DRIVE_CONTROLS) by extension 'ignore_ament_install'
[1.116s] Level 1:colcon.colcon_core.package_identification:_identify(DRIVE_CONTROLS) by extensions ['colcon_pkg']
[1.116s] Level 1:colcon.colcon_core.package_identification:_identify(DRIVE_CONTROLS) by extension 'colcon_pkg'
[1.116s] Level 1:colcon.colcon_core.package_identification:_identify(DRIVE_CONTROLS) by extensions ['colcon_meta']
[1.116s] Level 1:colcon.colcon_core.package_identification:_identify(DRIVE_CONTROLS) by extension 'colcon_meta'
[1.116s] Level 1:colcon.colcon_core.package_identification:_identify(DRIVE_CONTROLS) by extensions ['ros']
[1.116s] Level 1:colcon.colcon_core.package_identification:_identify(DRIVE_CONTROLS) by extension 'ros'
[1.116s] Level 1:colcon.colcon_core.package_identification:_identify(DRIVE_CONTROLS) by extensions ['cmake', 'python']
[1.116s] Level 1:colcon.colcon_core.package_identification:_identify(DRIVE_CONTROLS) by extension 'cmake'
[1.116s] Level 1:colcon.colcon_core.package_identification:_identify(DRIVE_CONTROLS) by extension 'python'
[1.116s] Level 1:colcon.colcon_core.package_identification:_identify(DRIVE_CONTROLS) by extensions ['python_setup_py']
[1.116s] Level 1:colcon.colcon_core.package_identification:_identify(DRIVE_CONTROLS) by extension 'python_setup_py'
[1.116s] Level 1:colcon.colcon_core.package_identification:_identify(auto_nav) by extensions ['ignore', 'ignore_ament_install']
[1.116s] Level 1:colcon.colcon_core.package_identification:_identify(auto_nav) by extension 'ignore'
[1.116s] Level 1:colcon.colcon_core.package_identification:_identify(auto_nav) by extension 'ignore_ament_install'
[1.117s] Level 1:colcon.colcon_core.package_identification:_identify(auto_nav) by extensions ['colcon_pkg']
[1.117s] Level 1:colcon.colcon_core.package_identification:_identify(auto_nav) by extension 'colcon_pkg'
[1.117s] Level 1:colcon.colcon_core.package_identification:_identify(auto_nav) by extensions ['colcon_meta']
[1.117s] Level 1:colcon.colcon_core.package_identification:_identify(auto_nav) by extension 'colcon_meta'
[1.117s] Level 1:colcon.colcon_core.package_identification:_identify(auto_nav) by extensions ['ros']
[1.117s] Level 1:colcon.colcon_core.package_identification:_identify(auto_nav) by extension 'ros'
[1.117s] Level 1:colcon.colcon_core.package_identification:_identify(auto_nav) by extensions ['cmake', 'python']
[1.117s] Level 1:colcon.colcon_core.package_identification:_identify(auto_nav) by extension 'cmake'
[1.117s] Level 1:colcon.colcon_core.package_identification:_identify(auto_nav) by extension 'python'
[1.117s] Level 1:colcon.colcon_core.package_identification:_identify(auto_nav) by extensions ['python_setup_py']
[1.117s] Level 1:colcon.colcon_core.package_identification:_identify(auto_nav) by extension 'python_setup_py'
[1.117s] Level 1:colcon.colcon_core.package_identification:_identify(auto_nav/calib_data) by extensions ['ignore', 'ignore_ament_install']
[1.117s] Level 1:colcon.colcon_core.package_identification:_identify(auto_nav/calib_data) by extension 'ignore'
[1.117s] Level 1:colcon.colcon_core.package_identification:_identify(auto_nav/calib_data) by extension 'ignore_ament_install'
[1.117s] Level 1:colcon.colcon_core.package_identification:_identify(auto_nav/calib_data) by extensions ['colcon_pkg']
[1.117s] Level 1:colcon.colcon_core.package_identification:_identify(auto_nav/calib_data) by extension 'colcon_pkg'
[1.117s] Level 1:colcon.colcon_core.package_identification:_identify(auto_nav/calib_data) by extensions ['colcon_meta']
[1.117s] Level 1:colcon.colcon_core.package_identification:_identify(auto_nav/calib_data) by extension 'colcon_meta'
[1.117s] Level 1:colcon.colcon_core.package_identification:_identify(auto_nav/calib_data) by extensions ['ros']
[1.117s] Level 1:colcon.colcon_core.package_identification:_identify(auto_nav/calib_data) by extension 'ros'
[1.117s] Level 1:colcon.colcon_core.package_identification:_identify(auto_nav/calib_data) by extensions ['cmake', 'python']
[1.117s] Level 1:colcon.colcon_core.package_identification:_identify(auto_nav/calib_data) by extension 'cmake'
[1.117s] Level 1:colcon.colcon_core.package_identification:_identify(auto_nav/calib_data) by extension 'python'
[1.117s] Level 1:colcon.colcon_core.package_identification:_identify(auto_nav/calib_data) by extensions ['python_setup_py']
[1.117s] Level 1:colcon.colcon_core.package_identification:_identify(auto_nav/calib_data) by extension 'python_setup_py'
[1.118s] Level 1:colcon.colcon_core.package_identification:_identify(build) by extensions ['ignore', 'ignore_ament_install']
[1.118s] Level 1:colcon.colcon_core.package_identification:_identify(build) by extension 'ignore'
[1.118s] Level 1:colcon.colcon_core.package_identification:_identify(build) ignored
[1.118s] Level 1:colcon.colcon_core.package_identification:_identify(install) by extensions ['ignore', 'ignore_ament_install']
[1.118s] Level 1:colcon.colcon_core.package_identification:_identify(install) by extension 'ignore'
[1.118s] Level 1:colcon.colcon_core.package_identification:_identify(install) ignored
[1.118s] Level 1:colcon.colcon_core.package_identification:_identify(log) by extensions ['ignore', 'ignore_ament_install']
[1.118s] Level 1:colcon.colcon_core.package_identification:_identify(log) by extension 'ignore'
[1.118s] Level 1:colcon.colcon_core.package_identification:_identify(log) ignored
[1.118s] Level 1:colcon.colcon_core.package_identification:_identify(radio_communication) by extensions ['ignore', 'ignore_ament_install']
[1.118s] Level 1:colcon.colcon_core.package_identification:_identify(radio_communication) by extension 'ignore'
[1.118s] Level 1:colcon.colcon_core.package_identification:_identify(radio_communication) by extension 'ignore_ament_install'
[1.118s] Level 1:colcon.colcon_core.package_identification:_identify(radio_communication) by extensions ['colcon_pkg']
[1.118s] Level 1:colcon.colcon_core.package_identification:_identify(radio_communication) by extension 'colcon_pkg'
[1.118s] Level 1:colcon.colcon_core.package_identification:_identify(radio_communication) by extensions ['colcon_meta']
[1.118s] Level 1:colcon.colcon_core.package_identification:_identify(radio_communication) by extension 'colcon_meta'
[1.118s] Level 1:colcon.colcon_core.package_identification:_identify(radio_communication) by extensions ['ros']
[1.119s] Level 1:colcon.colcon_core.package_identification:_identify(radio_communication) by extension 'ros'
[1.119s] Level 1:colcon.colcon_core.package_identification:_identify(radio_communication) by extensions ['cmake', 'python']
[1.119s] Level 1:colcon.colcon_core.package_identification:_identify(radio_communication) by extension 'cmake'
[1.119s] Level 1:colcon.colcon_core.package_identification:_identify(radio_communication) by extension 'python'
[1.119s] Level 1:colcon.colcon_core.package_identification:_identify(radio_communication) by extensions ['python_setup_py']
[1.119s] Level 1:colcon.colcon_core.package_identification:_identify(radio_communication) by extension 'python_setup_py'
[1.119s] Level 1:colcon.colcon_core.package_identification:_identify(radio_communication/__pycache__) by extensions ['ignore', 'ignore_ament_install']
[1.119s] Level 1:colcon.colcon_core.package_identification:_identify(radio_communication/__pycache__) by extension 'ignore'
[1.119s] Level 1:colcon.colcon_core.package_identification:_identify(radio_communication/__pycache__) by extension 'ignore_ament_install'
[1.119s] Level 1:colcon.colcon_core.package_identification:_identify(radio_communication/__pycache__) by extensions ['colcon_pkg']
[1.119s] Level 1:colcon.colcon_core.package_identification:_identify(radio_communication/__pycache__) by extension 'colcon_pkg'
[1.119s] Level 1:colcon.colcon_core.package_identification:_identify(radio_communication/__pycache__) by extensions ['colcon_meta']
[1.119s] Level 1:colcon.colcon_core.package_identification:_identify(radio_communication/__pycache__) by extension 'colcon_meta'
[1.119s] Level 1:colcon.colcon_core.package_identification:_identify(radio_communication/__pycache__) by extensions ['ros']
[1.119s] Level 1:colcon.colcon_core.package_identification:_identify(radio_communication/__pycache__) by extension 'ros'
[1.119s] Level 1:colcon.colcon_core.package_identification:_identify(radio_communication/__pycache__) by extensions ['cmake', 'python']
[1.119s] Level 1:colcon.colcon_core.package_identification:_identify(radio_communication/__pycache__) by extension 'cmake'
[1.119s] Level 1:colcon.colcon_core.package_identification:_identify(radio_communication/__pycache__) by extension 'python'
[1.119s] Level 1:colcon.colcon_core.package_identification:_identify(radio_communication/__pycache__) by extensions ['python_setup_py']
[1.119s] Level 1:colcon.colcon_core.package_identification:_identify(radio_communication/__pycache__) by extension 'python_setup_py'
[1.120s] Level 1:colcon.colcon_core.package_identification:_identify(video_feed) by extensions ['ignore', 'ignore_ament_install']
[1.120s] Level 1:colcon.colcon_core.package_identification:_identify(video_feed) by extension 'ignore'
[1.120s] Level 1:colcon.colcon_core.package_identification:_identify(video_feed) by extension 'ignore_ament_install'
[1.120s] Level 1:colcon.colcon_core.package_identification:_identify(video_feed) by extensions ['colcon_pkg']
[1.120s] Level 1:colcon.colcon_core.package_identification:_identify(video_feed) by extension 'colcon_pkg'
[1.120s] Level 1:colcon.colcon_core.package_identification:_identify(video_feed) by extensions ['colcon_meta']
[1.120s] Level 1:colcon.colcon_core.package_identification:_identify(video_feed) by extension 'colcon_meta'
[1.120s] Level 1:colcon.colcon_core.package_identification:_identify(video_feed) by extensions ['ros']
[1.120s] Level 1:colcon.colcon_core.package_identification:_identify(video_feed) by extension 'ros'
[1.120s] Level 1:colcon.colcon_core.package_identification:_identify(video_feed) by extensions ['cmake', 'python']
[1.120s] Level 1:colcon.colcon_core.package_identification:_identify(video_feed) by extension 'cmake'
[1.120s] Level 1:colcon.colcon_core.package_identification:_identify(video_feed) by extension 'python'
[1.120s] Level 1:colcon.colcon_core.package_identification:_identify(video_feed) by extensions ['python_setup_py']
[1.120s] Level 1:colcon.colcon_core.package_identification:_identify(video_feed) by extension 'python_setup_py'
[1.120s] Level 1:colcon.colcon_core.package_discovery:discover_packages(recursive) using defaults
[1.120s] Level 1:colcon.colcon_core.package_discovery:discover_packages(ignore) discover
[1.120s] Level 1:colcon.colcon_core.package_discovery:discover_packages(ignore) using defaults
[1.120s] Level 1:colcon.colcon_core.package_discovery:discover_packages(path) discover
[1.120s] Level 1:colcon.colcon_core.package_discovery:discover_packages(path) using defaults
[1.223s] Level 1:colcon.colcon_core.package_discovery:discover_packages(prefix_path) check parameters
[1.223s] Level 1:colcon.colcon_core.package_discovery:discover_packages(prefix_path) discover
[1.255s] DEBUG:colcon.colcon_installed_package_information.package_discovery:Found 0 installed packages in /home/michael/DomerRoverSoftware/install
[1.273s] DEBUG:colcon.colcon_installed_package_information.package_discovery:Found 384 installed packages in /opt/ros/humble
[1.275s] Level 1:colcon.colcon_core.package_discovery:discover_packages(prefix_path) using defaults
[1.420s] INFO:colcon.colcon_core.executor:Executing jobs using 'parallel' executor
[1.438s] DEBUG:colcon.colcon_parallel_executor.executor.parallel:run_until_complete
[1.438s] DEBUG:colcon.colcon_parallel_executor.executor.parallel:closing loop
[1.438s] DEBUG:colcon.colcon_parallel_executor.executor.parallel:loop closed
[1.438s] DEBUG:colcon.colcon_parallel_executor.executor.parallel:run_until_complete finished with '0'
[1.438s] DEBUG:colcon.colcon_core.event_reactor:joining thread
[1.464s] INFO:colcon.colcon_core.plugin_system:Skipping extension 'colcon_notification.desktop_notification.terminal_notifier': Not used on non-Darwin systems
[1.464s] INFO:colcon.colcon_core.plugin_system:Skipping extension 'colcon_notification.desktop_notification.win32': Not used on non-Windows systems
[1.465s] INFO:colcon.colcon_notification.desktop_notification:Sending desktop notification using 'notify2'
[1.478s] DEBUG:colcon.colcon_core.event_reactor:joined thread
[1.497s] INFO:colcon.colcon_core.plugin_system:Skipping extension 'colcon_core.shell.bat': Not used on non-Windows systems
[1.498s] INFO:colcon.colcon_core.shell:Creating prefix script '/home/michael/DomerRoverSoftware/install/local_setup.ps1'
[1.499s] INFO:colcon.colcon_core.shell:Creating prefix util module '/home/michael/DomerRoverSoftware/install/_local_setup_util_ps1.py'
[1.501s] INFO:colcon.colcon_core.shell:Creating prefix chain script '/home/michael/DomerRoverSoftware/install/setup.ps1'
[1.518s] INFO:colcon.colcon_core.shell:Creating prefix script '/home/michael/DomerRoverSoftware/install/local_setup.sh'
[1.519s] INFO:colcon.colcon_core.shell:Creating prefix util module '/home/michael/DomerRoverSoftware/install/_local_setup_util_sh.py'
[1.520s] INFO:colcon.colcon_core.shell:Creating prefix chain script '/home/michael/DomerRoverSoftware/install/setup.sh'
[1.537s] INFO:colcon.colcon_core.shell:Creating prefix script '/home/michael/DomerRoverSoftware/install/local_setup.bash'
[1.538s] INFO:colcon.colcon_core.shell:Creating prefix chain script '/home/michael/DomerRoverSoftware/install/setup.bash'
[1.552s] INFO:colcon.colcon_core.shell:Creating prefix script '/home/michael/DomerRoverSoftware/install/local_setup.zsh'
[1.553s] INFO:colcon.colcon_core.shell:Creating prefix chain script '/home/michael/DomerRoverSoftware/install/setup.zsh'
