[0.530s] DEBUG:colcon:Command line arguments: ['/usr/bin/colcon', 'build']
[0.530s] DEBUG:colcon:Parsed command line arguments: Namespace(log_base=None, log_level=None, verb_name='build', build_base='build', install_base='install', merge_install=False, symlink_install=False, test_result_base=None, continue_on_error=False, executor='parallel', parallel_workers=14, event_handlers=None, ignore_user_meta=False, metas=['./colcon.meta'], base_paths=['.'], packages_ignore=None, packages_ignore_regex=None, paths=None, packages_up_to=None, packages_up_to_regex=None, packages_above=None, packages_above_and_dependencies=None, packages_above_depth=None, packages_select_by_dep=None, packages_skip_by_dep=None, packages_skip_up_to=None, packages_select_build_failed=False, packages_skip_build_finished=False, packages_select_test_failures=False, packages_skip_test_passed=False, packages_select=None, packages_skip=None, packages_select_regex=None, packages_skip_regex=None, packages_start=None, packages_end=None, allow_overriding=[], cmake_args=None, cmake_target=None, cmake_target_skip_unavailable=False, cmake_clean_cache=False, cmake_clean_first=False, cmake_force_configure=False, ament_cmake_args=None, catkin_cmake_args=None, catkin_skip_building_tests=False, verb_parser=<colcon_defaults.argument_parser.defaults.DefaultArgumentsDecorator object at 0x7eff06de1720>, verb_extension=<colcon_core.verb.build.BuildVerb object at 0x7eff06d614b0>, main=<bound method BuildVerb.main of <colcon_core.verb.build.BuildVerb object at 0x7eff06d614b0>>)
[0.557s] Level 1:colcon.colcon_core.package_discovery:discover_packages(colcon_meta) check parameters
[0.557s] Level 1:colcon.colcon_core.package_discovery:discover_packages(recursive) check parameters
[0.557s] Level 1:colcon.colcon_core.package_discovery:discover_packages(ignore) check parameters
[0.557s] Level 1:colcon.colcon_core.package_discovery:discover_packages(path) check parameters
[0.557s] Level 1:colcon.colcon_core.package_discovery:discover_packages(colcon_meta) discover
[0.557s] Level 1:colcon.colcon_core.package_discovery:discover_packages(recursive) discover
[0.557s] INFO:colcon.colcon_core.package_discovery:Crawling recursively for packages in '/home/michael/DomerRoverSoftware'
[0.557s] Level 1:colcon.colcon_core.package_identification:_identify(.) by extensions ['ignore', 'ignore_ament_install']
[0.557s] Level 1:colcon.colcon_core.package_identification:_identify(.) by extension 'ignore'
[0.557s] Level 1:colcon.colcon_core.package_identification:_identify(.) by extension 'ignore_ament_install'
[0.557s] Level 1:colcon.colcon_core.package_identification:_identify(.) by extensions ['colcon_pkg']
[0.557s] Level 1:colcon.colcon_core.package_identification:_identify(.) by extension 'colcon_pkg'
[0.557s] Level 1:colcon.colcon_core.package_identification:_identify(.) by extensions ['colcon_meta']
[0.557s] Level 1:colcon.colcon_core.package_identification:_identify(.) by extension 'colcon_meta'
[0.558s] Level 1:colcon.colcon_core.package_identification:_identify(.) by extensions ['ros']
[0.558s] Level 1:colcon.colcon_core.package_identification:_identify(.) by extension 'ros'
[0.564s] Level 1:colcon.colcon_core.package_identification:_identify(.) by extensions ['cmake', 'python']
[0.564s] Level 1:colcon.colcon_core.package_identification:_identify(.) by extension 'cmake'
[0.564s] Level 1:colcon.colcon_core.package_identification:_identify(.) by extension 'python'
[0.565s] Level 1:colcon.colcon_core.package_identification:_identify(.) by extensions ['python_setup_py']
[0.565s] Level 1:colcon.colcon_core.package_identification:_identify(.) by extension 'python_setup_py'
[0.565s] Level 1:colcon.colcon_core.package_identification:_identify(DRIVE_CONTROLS) by extensions ['ignore', 'ignore_ament_install']
[0.565s] Level 1:colcon.colcon_core.package_identification:_identify(DRIVE_CONTROLS) by extension 'ignore'
[0.565s] Level 1:colcon.colcon_core.package_identification:_identify(DRIVE_CONTROLS) by extension 'ignore_ament_install'
[0.565s] Level 1:colcon.colcon_core.package_identification:_identify(DRIVE_CONTROLS) by extensions ['colcon_pkg']
[0.565s] Level 1:colcon.colcon_core.package_identification:_identify(DRIVE_CONTROLS) by extension 'colcon_pkg'
[0.565s] Level 1:colcon.colcon_core.package_identification:_identify(DRIVE_CONTROLS) by extensions ['colcon_meta']
[0.565s] Level 1:colcon.colcon_core.package_identification:_identify(DRIVE_CONTROLS) by extension 'colcon_meta'
[0.565s] Level 1:colcon.colcon_core.package_identification:_identify(DRIVE_CONTROLS) by extensions ['ros']
[0.565s] Level 1:colcon.colcon_core.package_identification:_identify(DRIVE_CONTROLS) by extension 'ros'
[0.565s] Level 1:colcon.colcon_core.package_identification:_identify(DRIVE_CONTROLS) by extensions ['cmake', 'python']
[0.565s] Level 1:colcon.colcon_core.package_identification:_identify(DRIVE_CONTROLS) by extension 'cmake'
[0.565s] Level 1:colcon.colcon_core.package_identification:_identify(DRIVE_CONTROLS) by extension 'python'
[0.565s] Level 1:colcon.colcon_core.package_identification:_identify(DRIVE_CONTROLS) by extensions ['python_setup_py']
[0.565s] Level 1:colcon.colcon_core.package_identification:_identify(DRIVE_CONTROLS) by extension 'python_setup_py'
[0.565s] Level 1:colcon.colcon_core.package_identification:_identify(auto_nav) by extensions ['ignore', 'ignore_ament_install']
[0.565s] Level 1:colcon.colcon_core.package_identification:_identify(auto_nav) by extension 'ignore'
[0.565s] Level 1:colcon.colcon_core.package_identification:_identify(auto_nav) by extension 'ignore_ament_install'
[0.565s] Level 1:colcon.colcon_core.package_identification:_identify(auto_nav) by extensions ['colcon_pkg']
[0.565s] Level 1:colcon.colcon_core.package_identification:_identify(auto_nav) by extension 'colcon_pkg'
[0.565s] Level 1:colcon.colcon_core.package_identification:_identify(auto_nav) by extensions ['colcon_meta']
[0.565s] Level 1:colcon.colcon_core.package_identification:_identify(auto_nav) by extension 'colcon_meta'
[0.565s] Level 1:colcon.colcon_core.package_identification:_identify(auto_nav) by extensions ['ros']
[0.565s] Level 1:colcon.colcon_core.package_identification:_identify(auto_nav) by extension 'ros'
[0.565s] Level 1:colcon.colcon_core.package_identification:_identify(auto_nav) by extensions ['cmake', 'python']
[0.565s] Level 1:colcon.colcon_core.package_identification:_identify(auto_nav) by extension 'cmake'
[0.565s] Level 1:colcon.colcon_core.package_identification:_identify(auto_nav) by extension 'python'
[0.565s] Level 1:colcon.colcon_core.package_identification:_identify(auto_nav) by extensions ['python_setup_py']
[0.565s] Level 1:colcon.colcon_core.package_identification:_identify(auto_nav) by extension 'python_setup_py'
[0.565s] Level 1:colcon.colcon_core.package_identification:_identify(auto_nav/calib_data) by extensions ['ignore', 'ignore_ament_install']
[0.565s] Level 1:colcon.colcon_core.package_identification:_identify(auto_nav/calib_data) by extension 'ignore'
[0.566s] Level 1:colcon.colcon_core.package_identification:_identify(auto_nav/calib_data) by extension 'ignore_ament_install'
[0.566s] Level 1:colcon.colcon_core.package_identification:_identify(auto_nav/calib_data) by extensions ['colcon_pkg']
[0.566s] Level 1:colcon.colcon_core.package_identification:_identify(auto_nav/calib_data) by extension 'colcon_pkg'
[0.566s] Level 1:colcon.colcon_core.package_identification:_identify(auto_nav/calib_data) by extensions ['colcon_meta']
[0.566s] Level 1:colcon.colcon_core.package_identification:_identify(auto_nav/calib_data) by extension 'colcon_meta'
[0.566s] Level 1:colcon.colcon_core.package_identification:_identify(auto_nav/calib_data) by extensions ['ros']
[0.566s] Level 1:colcon.colcon_core.package_identification:_identify(auto_nav/calib_data) by extension 'ros'
[0.566s] Level 1:colcon.colcon_core.package_identification:_identify(auto_nav/calib_data) by extensions ['cmake', 'python']
[0.566s] Level 1:colcon.colcon_core.package_identification:_identify(auto_nav/calib_data) by extension 'cmake'
[0.566s] Level 1:colcon.colcon_core.package_identification:_identify(auto_nav/calib_data) by extension 'python'
[0.566s] Level 1:colcon.colcon_core.package_identification:_identify(auto_nav/calib_data) by extensions ['python_setup_py']
[0.566s] Level 1:colcon.colcon_core.package_identification:_identify(auto_nav/calib_data) by extension 'python_setup_py'
[0.566s] Level 1:colcon.colcon_core.package_identification:_identify(build) by extensions ['ignore', 'ignore_ament_install']
[0.566s] Level 1:colcon.colcon_core.package_identification:_identify(build) by extension 'ignore'
[0.566s] Level 1:colcon.colcon_core.package_identification:_identify(build) ignored
[0.566s] Level 1:colcon.colcon_core.package_identification:_identify(install) by extensions ['ignore', 'ignore_ament_install']
[0.566s] Level 1:colcon.colcon_core.package_identification:_identify(install) by extension 'ignore'
[0.566s] Level 1:colcon.colcon_core.package_identification:_identify(install) ignored
[0.566s] Level 1:colcon.colcon_core.package_identification:_identify(log) by extensions ['ignore', 'ignore_ament_install']
[0.566s] Level 1:colcon.colcon_core.package_identification:_identify(log) by extension 'ignore'
[0.566s] Level 1:colcon.colcon_core.package_identification:_identify(log) ignored
[0.566s] Level 1:colcon.colcon_core.package_identification:_identify(radio_communication) by extensions ['ignore', 'ignore_ament_install']
[0.566s] Level 1:colcon.colcon_core.package_identification:_identify(radio_communication) by extension 'ignore'
[0.566s] Level 1:colcon.colcon_core.package_identification:_identify(radio_communication) by extension 'ignore_ament_install'
[0.566s] Level 1:colcon.colcon_core.package_identification:_identify(radio_communication) by extensions ['colcon_pkg']
[0.566s] Level 1:colcon.colcon_core.package_identification:_identify(radio_communication) by extension 'colcon_pkg'
[0.566s] Level 1:colcon.colcon_core.package_identification:_identify(radio_communication) by extensions ['colcon_meta']
[0.566s] Level 1:colcon.colcon_core.package_identification:_identify(radio_communication) by extension 'colcon_meta'
[0.566s] Level 1:colcon.colcon_core.package_identification:_identify(radio_communication) by extensions ['ros']
[0.566s] Level 1:colcon.colcon_core.package_identification:_identify(radio_communication) by extension 'ros'
[0.566s] Level 1:colcon.colcon_core.package_identification:_identify(radio_communication) by extensions ['cmake', 'python']
[0.566s] Level 1:colcon.colcon_core.package_identification:_identify(radio_communication) by extension 'cmake'
[0.567s] Level 1:colcon.colcon_core.package_identification:_identify(radio_communication) by extension 'python'
[0.567s] Level 1:colcon.colcon_core.package_identification:_identify(radio_communication) by extensions ['python_setup_py']
[0.567s] Level 1:colcon.colcon_core.package_identification:_identify(radio_communication) by extension 'python_setup_py'
[0.567s] Level 1:colcon.colcon_core.package_identification:_identify(radio_communication/__pycache__) by extensions ['ignore', 'ignore_ament_install']
[0.567s] Level 1:colcon.colcon_core.package_identification:_identify(radio_communication/__pycache__) by extension 'ignore'
[0.567s] Level 1:colcon.colcon_core.package_identification:_identify(radio_communication/__pycache__) by extension 'ignore_ament_install'
[0.567s] Level 1:colcon.colcon_core.package_identification:_identify(radio_communication/__pycache__) by extensions ['colcon_pkg']
[0.567s] Level 1:colcon.colcon_core.package_identification:_identify(radio_communication/__pycache__) by extension 'colcon_pkg'
[0.567s] Level 1:colcon.colcon_core.package_identification:_identify(radio_communication/__pycache__) by extensions ['colcon_meta']
[0.567s] Level 1:colcon.colcon_core.package_identification:_identify(radio_communication/__pycache__) by extension 'colcon_meta'
[0.567s] Level 1:colcon.colcon_core.package_identification:_identify(radio_communication/__pycache__) by extensions ['ros']
[0.567s] Level 1:colcon.colcon_core.package_identification:_identify(radio_communication/__pycache__) by extension 'ros'
[0.567s] Level 1:colcon.colcon_core.package_identification:_identify(radio_communication/__pycache__) by extensions ['cmake', 'python']
[0.567s] Level 1:colcon.colcon_core.package_identification:_identify(radio_communication/__pycache__) by extension 'cmake'
[0.567s] Level 1:colcon.colcon_core.package_identification:_identify(radio_communication/__pycache__) by extension 'python'
[0.567s] Level 1:colcon.colcon_core.package_identification:_identify(radio_communication/__pycache__) by extensions ['python_setup_py']
[0.567s] Level 1:colcon.colcon_core.package_identification:_identify(radio_communication/__pycache__) by extension 'python_setup_py'
[0.567s] Level 1:colcon.colcon_core.package_identification:_identify(video_feed) by extensions ['ignore', 'ignore_ament_install']
[0.567s] Level 1:colcon.colcon_core.package_identification:_identify(video_feed) by extension 'ignore'
[0.567s] Level 1:colcon.colcon_core.package_identification:_identify(video_feed) by extension 'ignore_ament_install'
[0.567s] Level 1:colcon.colcon_core.package_identification:_identify(video_feed) by extensions ['colcon_pkg']
[0.567s] Level 1:colcon.colcon_core.package_identification:_identify(video_feed) by extension 'colcon_pkg'
[0.567s] Level 1:colcon.colcon_core.package_identification:_identify(video_feed) by extensions ['colcon_meta']
[0.567s] Level 1:colcon.colcon_core.package_identification:_identify(video_feed) by extension 'colcon_meta'
[0.567s] Level 1:colcon.colcon_core.package_identification:_identify(video_feed) by extensions ['ros']
[0.567s] Level 1:colcon.colcon_core.package_identification:_identify(video_feed) by extension 'ros'
[0.567s] Level 1:colcon.colcon_core.package_identification:_identify(video_feed) by extensions ['cmake', 'python']
[0.567s] Level 1:colcon.colcon_core.package_identification:_identify(video_feed) by extension 'cmake'
[0.567s] Level 1:colcon.colcon_core.package_identification:_identify(video_feed) by extension 'python'
[0.567s] Level 1:colcon.colcon_core.package_identification:_identify(video_feed) by extensions ['python_setup_py']
[0.567s] Level 1:colcon.colcon_core.package_identification:_identify(video_feed) by extension 'python_setup_py'
[0.567s] Level 1:colcon.colcon_core.package_discovery:discover_packages(recursive) using defaults
[0.567s] Level 1:colcon.colcon_core.package_discovery:discover_packages(ignore) discover
[0.567s] Level 1:colcon.colcon_core.package_discovery:discover_packages(ignore) using defaults
[0.567s] Level 1:colcon.colcon_core.package_discovery:discover_packages(path) discover
[0.567s] Level 1:colcon.colcon_core.package_discovery:discover_packages(path) using defaults
[0.619s] Level 1:colcon.colcon_core.package_discovery:discover_packages(prefix_path) check parameters
[0.619s] Level 1:colcon.colcon_core.package_discovery:discover_packages(prefix_path) discover
[0.635s] DEBUG:colcon.colcon_installed_package_information.package_discovery:Found 384 installed packages in /opt/ros/humble
[0.636s] Level 1:colcon.colcon_core.package_discovery:discover_packages(prefix_path) using defaults
[0.707s] INFO:colcon.colcon_core.executor:Executing jobs using 'parallel' executor
[0.715s] DEBUG:colcon.colcon_parallel_executor.executor.parallel:run_until_complete
[0.715s] DEBUG:colcon.colcon_parallel_executor.executor.parallel:closing loop
[0.715s] DEBUG:colcon.colcon_parallel_executor.executor.parallel:loop closed
[0.715s] DEBUG:colcon.colcon_parallel_executor.executor.parallel:run_until_complete finished with '0'
[0.715s] DEBUG:colcon.colcon_core.event_reactor:joining thread
[0.727s] INFO:colcon.colcon_core.plugin_system:Skipping extension 'colcon_notification.desktop_notification.terminal_notifier': Not used on non-Darwin systems
[0.727s] INFO:colcon.colcon_core.plugin_system:Skipping extension 'colcon_notification.desktop_notification.win32': Not used on non-Windows systems
[0.727s] INFO:colcon.colcon_notification.desktop_notification:Sending desktop notification using 'notify2'
[0.735s] DEBUG:colcon.colcon_core.event_reactor:joined thread
[0.744s] INFO:colcon.colcon_core.plugin_system:Skipping extension 'colcon_core.shell.bat': Not used on non-Windows systems
[0.744s] INFO:colcon.colcon_core.shell:Creating prefix script '/home/michael/DomerRoverSoftware/install/local_setup.ps1'
[0.745s] INFO:colcon.colcon_core.shell:Creating prefix util module '/home/michael/DomerRoverSoftware/install/_local_setup_util_ps1.py'
[0.746s] INFO:colcon.colcon_core.shell:Creating prefix chain script '/home/michael/DomerRoverSoftware/install/setup.ps1'
[0.755s] INFO:colcon.colcon_core.shell:Creating prefix script '/home/michael/DomerRoverSoftware/install/local_setup.sh'
[0.756s] INFO:colcon.colcon_core.shell:Creating prefix util module '/home/michael/DomerRoverSoftware/install/_local_setup_util_sh.py'
[0.756s] INFO:colcon.colcon_core.shell:Creating prefix chain script '/home/michael/DomerRoverSoftware/install/setup.sh'
[0.777s] INFO:colcon.colcon_core.shell:Creating prefix script '/home/michael/DomerRoverSoftware/install/local_setup.bash'
[0.777s] INFO:colcon.colcon_core.shell:Creating prefix chain script '/home/michael/DomerRoverSoftware/install/setup.bash'
[0.785s] INFO:colcon.colcon_core.shell:Creating prefix script '/home/michael/DomerRoverSoftware/install/local_setup.zsh'
[0.786s] INFO:colcon.colcon_core.shell:Creating prefix chain script '/home/michael/DomerRoverSoftware/install/setup.zsh'
