-- Found ament_cmake: 1.3.8 (/opt/ros/humble/share/ament_cmake/cmake)
-- Found ament_lint_auto: 0.12.10 (/opt/ros/humble/share/ament_lint_auto/cmake)
-- Added test 'lint_cmake' to check CMake code style
-- Added test 'xmllint' to check XML markup files
-- Configuring done
-- Generating done
-- Build files have been written to: /home/michael/DomerRoverSoftware/build/domerrover
-- Install configuration: ""
-- Up-to-date: /home/michael/DomerRoverSoftware/install/domerrover/share/ament_index/resource_index/package_run_dependencies/domerrover
-- Up-to-date: /home/michael/DomerRoverSoftware/install/domerrover/share/ament_index/resource_index/parent_prefix_path/domerrover
-- Up-to-date: /home/michael/DomerRoverSoftware/install/domerrover/share/domerrover/environment/ament_prefix_path.sh
-- Installing: /home/michael/DomerRoverSoftware/install/domerrover/share/domerrover/environment/ament_prefix_path.dsv
-- Up-to-date: /home/michael/DomerRoverSoftware/install/domerrover/share/domerrover/environment/path.sh
-- Installing: /home/michael/DomerRoverSoftware/install/domerrover/share/domerrover/environment/path.dsv
-- Up-to-date: /home/michael/DomerRoverSoftware/install/domerrover/share/domerrover/local_setup.bash
-- Up-to-date: /home/michael/DomerRoverSoftware/install/domerrover/share/domerrover/local_setup.sh
-- Up-to-date: /home/michael/DomerRoverSoftware/install/domerrover/share/domerrover/local_setup.zsh
-- Installing: /home/michael/DomerRoverSoftware/install/domerrover/share/domerrover/local_setup.dsv
-- Installing: /home/michael/DomerRoverSoftware/install/domerrover/share/domerrover/package.dsv
-- Up-to-date: /home/michael/DomerRoverSoftware/install/domerrover/share/ament_index/resource_index/packages/domerrover
-- Up-to-date: /home/michael/DomerRoverSoftware/install/domerrover/share/domerrover/cmake/domerroverConfig.cmake
-- Up-to-date: /home/michael/DomerRoverSoftware/install/domerrover/share/domerrover/cmake/domerroverConfig-version.cmake
-- Installing: /home/michael/DomerRoverSoftware/install/domerrover/share/domerrover/package.xml
