[0.027s] Invoking command in '/home/michael/DomerRoverSoftware/build/domerrover': CMAKE_PREFIX_PATH=/opt/ros/humble /usr/bin/cmake --build /home/michael/DomerRoverSoftware/build/domerrover -- -j14 -l14
[0.043s] -- Found ament_cmake: 1.3.8 (/opt/ros/humble/share/ament_cmake/cmake)
[0.123s] -- Found ament_lint_auto: 0.12.10 (/opt/ros/humble/share/ament_lint_auto/cmake)
[0.169s] -- Added test 'lint_cmake' to check CMake code style
[0.170s] -- Added test 'xmllint' to check XML markup files
[0.170s] -- Configuring done
[0.172s] -- Generating done
[0.172s] -- Build files have been written to: /home/michael/DomerRoverSoftware/build/domerrover
[0.187s] Invoked command in '/home/michael/DomerRoverSoftware/build/domerrover' returned '0': CMAKE_PREFIX_PATH=/opt/ros/humble /usr/bin/cmake --build /home/michael/DomerRoverSoftware/build/domerrover -- -j14 -l14
[0.207s] Invoking command in '/home/michael/DomerRoverSoftware/build/domerrover': CMAKE_PREFIX_PATH=/opt/ros/humble /usr/bin/cmake --install /home/michael/DomerRoverSoftware/build/domerrover
[0.211s] -- Install configuration: ""
[0.211s] -- Up-to-date: /home/michael/DomerRoverSoftware/install/domerrover/share/ament_index/resource_index/package_run_dependencies/domerrover
[0.212s] -- Up-to-date: /home/michael/DomerRoverSoftware/install/domerrover/share/ament_index/resource_index/parent_prefix_path/domerrover
[0.212s] -- Up-to-date: /home/michael/DomerRoverSoftware/install/domerrover/share/domerrover/environment/ament_prefix_path.sh
[0.212s] -- Installing: /home/michael/DomerRoverSoftware/install/domerrover/share/domerrover/environment/ament_prefix_path.dsv
[0.212s] -- Up-to-date: /home/michael/DomerRoverSoftware/install/domerrover/share/domerrover/environment/path.sh
[0.212s] -- Installing: /home/michael/DomerRoverSoftware/install/domerrover/share/domerrover/environment/path.dsv
[0.212s] -- Up-to-date: /home/michael/DomerRoverSoftware/install/domerrover/share/domerrover/local_setup.bash
[0.212s] -- Up-to-date: /home/michael/DomerRoverSoftware/install/domerrover/share/domerrover/local_setup.sh
[0.212s] -- Up-to-date: /home/michael/DomerRoverSoftware/install/domerrover/share/domerrover/local_setup.zsh
[0.212s] -- Installing: /home/michael/DomerRoverSoftware/install/domerrover/share/domerrover/local_setup.dsv
[0.212s] -- Installing: /home/michael/DomerRoverSoftware/install/domerrover/share/domerrover/package.dsv
[0.212s] -- Up-to-date: /home/michael/DomerRoverSoftware/install/domerrover/share/ament_index/resource_index/packages/domerrover
[0.212s] -- Up-to-date: /home/michael/DomerRoverSoftware/install/domerrover/share/domerrover/cmake/domerroverConfig.cmake
[0.212s] -- Up-to-date: /home/michael/DomerRoverSoftware/install/domerrover/share/domerrover/cmake/domerroverConfig-version.cmake
[0.212s] -- Installing: /home/michael/DomerRoverSoftware/install/domerrover/share/domerrover/package.xml
[0.213s] Invoked command in '/home/michael/DomerRoverSoftware/build/domerrover' returned '0': CMAKE_PREFIX_PATH=/opt/ros/humble /usr/bin/cmake --install /home/michael/DomerRoverSoftware/build/domerrover
