[0.036s] Invoking command in '/home/michael/DomerRoverSoftware/build/domerrover': CMAKE_PREFIX_PATH=/opt/ros/humble /usr/bin/cmake /home/michael/DomerRoverSoftware/domerrover -DCMAKE_INSTALL_PREFIX=/home/michael/DomerRoverSoftware/install/domerrover
[0.178s] -- The C compiler identification is GNU 11.4.0
[0.281s] -- The CXX compiler identification is GNU 11.4.0
[0.290s] -- Detecting C compiler ABI info
[0.343s] -- Detecting C compiler ABI info - done
[0.347s] -- Check for working C compiler: /usr/bin/cc - skipped
[0.348s] -- Detecting C compile features
[0.349s] -- Detecting C compile features - done
[0.352s] -- Detecting CXX compiler ABI info
[0.404s] -- Detecting CXX compiler ABI info - done
[0.409s] -- Check for working CXX compiler: /usr/bin/c++ - skipped
[0.409s] -- Detecting CXX compile features
[0.409s] -- Detecting CXX compile features - done
[0.418s] -- Found ament_cmake: 1.3.8 (/opt/ros/humble/share/ament_cmake/cmake)
[0.517s] -- Found Python3: /usr/bin/python3 (found version "3.10.12") found components: Interpreter 
[0.593s] -- Found ament_lint_auto: 0.12.10 (/opt/ros/humble/share/ament_lint_auto/cmake)
[0.656s] -- Added test 'lint_cmake' to check CMake code style
[0.657s] -- Added test 'xmllint' to check XML markup files
[0.658s] -- Configuring done
[0.660s] -- Generating done
[0.660s] -- Build files have been written to: /home/michael/DomerRoverSoftware/build/domerrover
[0.663s] Invoked command in '/home/michael/DomerRoverSoftware/build/domerrover' returned '0': CMAKE_PREFIX_PATH=/opt/ros/humble /usr/bin/cmake /home/michael/DomerRoverSoftware/domerrover -DCMAKE_INSTALL_PREFIX=/home/michael/DomerRoverSoftware/install/domerrover
[0.665s] Invoking command in '/home/michael/DomerRoverSoftware/build/domerrover': CMAKE_PREFIX_PATH=/opt/ros/humble /usr/bin/cmake --build /home/michael/DomerRoverSoftware/build/domerrover -- -j14 -l14
[0.686s] Invoked command in '/home/michael/DomerRoverSoftware/build/domerrover' returned '0': CMAKE_PREFIX_PATH=/opt/ros/humble /usr/bin/cmake --build /home/michael/DomerRoverSoftware/build/domerrover -- -j14 -l14
[0.705s] Invoking command in '/home/michael/DomerRoverSoftware/build/domerrover': CMAKE_PREFIX_PATH=/opt/ros/humble /usr/bin/cmake --install /home/michael/DomerRoverSoftware/build/domerrover
[0.709s] -- Install configuration: ""
[0.709s] -- Installing: /home/michael/DomerRoverSoftware/install/domerrover/share/ament_index/resource_index/package_run_dependencies/domerrover
[0.709s] -- Installing: /home/michael/DomerRoverSoftware/install/domerrover/share/ament_index/resource_index/parent_prefix_path/domerrover
[0.709s] -- Installing: /home/michael/DomerRoverSoftware/install/domerrover/share/domerrover/environment/ament_prefix_path.sh
[0.709s] -- Installing: /home/michael/DomerRoverSoftware/install/domerrover/share/domerrover/environment/ament_prefix_path.dsv
[0.709s] -- Installing: /home/michael/DomerRoverSoftware/install/domerrover/share/domerrover/environment/path.sh
[0.710s] -- Installing: /home/michael/DomerRoverSoftware/install/domerrover/share/domerrover/environment/path.dsv
[0.710s] -- Installing: /home/michael/DomerRoverSoftware/install/domerrover/share/domerrover/local_setup.bash
[0.710s] -- Installing: /home/michael/DomerRoverSoftware/install/domerrover/share/domerrover/local_setup.sh
[0.710s] -- Installing: /home/michael/DomerRoverSoftware/install/domerrover/share/domerrover/local_setup.zsh
[0.710s] -- Installing: /home/michael/DomerRoverSoftware/install/domerrover/share/domerrover/local_setup.dsv
[0.710s] -- Installing: /home/michael/DomerRoverSoftware/install/domerrover/share/domerrover/package.dsv
[0.710s] -- Installing: /home/michael/DomerRoverSoftware/install/domerrover/share/ament_index/resource_index/packages/domerrover
[0.710s] -- Installing: /home/michael/DomerRoverSoftware/install/domerrover/share/domerrover/cmake/domerroverConfig.cmake
[0.710s] -- Installing: /home/michael/DomerRoverSoftware/install/domerrover/share/domerrover/cmake/domerroverConfig-version.cmake
[0.710s] -- Installing: /home/michael/DomerRoverSoftware/install/domerrover/share/domerrover/package.xml
[0.711s] Invoked command in '/home/michael/DomerRoverSoftware/build/domerrover' returned '0': CMAKE_PREFIX_PATH=/opt/ros/humble /usr/bin/cmake --install /home/michael/DomerRoverSoftware/build/domerrover
